This is pdfTeX, Version 3.14159265-2.6-1.40.21 (TeX Live 2020/Debian) (preloaded format=pdflatex 2021.1.4)  4 JAN 2021 06:39
entering extended mode
 restricted \write18 enabled.
 %&-line parsing enabled.
**tex/deep-learning/Gans.tex
(./tex/deep-learning/Gans.tex
LaTeX2e <2020-02-02> patch level 5
L3 programming layer <2020-07-17>
! I can't find file `../SlidePreamble'.
l.1 \input ../SlidePreamble
                           
(Press Enter to retry, or Control-D to exit)
Please type another input file name
! Emergency stop.
l.1 \input ../SlidePreamble
                           
*** (job aborted, file error in nonstop mode)

 
Here is how much of TeX's memory you used:
 20 strings out of 482854
 461 string characters out of 5956882
 237480 words of memory out of 5000000
 15462 multiletter control sequences out of 15000+600000
 535088 words of font info for 29 fonts, out of 8000000 for 9000
 14 hyphenation exceptions out of 8191
 12i,0n,15p,81b,8s stack positions out of 5000i,500n,10000p,200000b,80000s
!  ==> Fatal error occurred, no output PDF file produced!
