\BOOKMARK [0][-]{titlepage.0}{\376\377\000T\000I\000T\000L\000E\000\040\000P\000A\000G\000E}{}% 1
\BOOKMARK [0][-]{committeeapproval.0}{\376\377\000C\000O\000M\000M\000I\000T\000T\000E\000E\000\040\000A\000P\000P\000R\000O\000V\000A\000L}{}% 2
\BOOKMARK [0][-]{dedication.0}{\376\377\000D\000E\000D\000I\000C\000A\000T\000I\000O\000N}{}% 3
\BOOKMARK [0][-]{acknowledments.0}{\376\377\000A\000C\000K\000N\000O\000W\000L\000E\000D\000G\000M\000E\000N\000T\000S}{}% 4
\BOOKMARK [0][-]{Contents.0}{\376\377\000T\000A\000B\000L\000E\000\040\000O\000F\000\040\000C\000O\000N\000T\000E\000N\000T\000S}{}% 5
\BOOKMARK [0][-]{chapter*.4}{\376\377\000L\000I\000S\000T\000\040\000O\000F\000\040\000T\000A\000B\000L\000E\000S}{}% 6
\BOOKMARK [0][-]{chapter*.5}{\376\377\000L\000I\000S\000T\000\040\000O\000F\000\040\000F\000I\000G\000U\000R\000E\000S}{}% 7
\BOOKMARK [0][-]{chapter*.6}{\376\377\000L\000I\000S\000T\000\040\000O\000F\000\040\000S\000Y\000M\000B\000O\000L\000S}{}% 8
\BOOKMARK [0][-]{chapter*.7}{\376\377\000A\000B\000S\000T\000R\000A\000C\000T}{}% 9
\BOOKMARK [0][-]{chapter.8}{\376\377\000S\000i\000n\000g\000l\000e\000\040\000m\000o\000l\000e\000c\000u\000l\000e\000\040\000l\000o\000c\000a\000l\000i\000z\000a\000t\000i\000o\000n\000\040\000m\000i\000c\000r\000o\000s\000c\000o\000p\000y}{}% 10
\BOOKMARK [1][-]{section.9}{\376\377\000I\000n\000t\000r\000o\000d\000u\000c\000t\000i\000o\000n}{chapter.8}% 11
\BOOKMARK [2][-]{subsection.10}{\376\377\000B\000r\000e\000a\000k\000i\000n\000g\000\040\000t\000h\000e\000\040\000d\000i\000f\000f\000r\000a\000c\000t\000i\000o\000n\000\040\000b\000a\000r\000r\000i\000e\000r}{section.9}% 12
\BOOKMARK [2][-]{subsection.12}{\376\377\000B\000i\000o\000l\000o\000g\000i\000c\000a\000l\000\040\000d\000i\000s\000c\000o\000v\000e\000r\000y\000\040\000w\000i\000t\000h\000\040\000f\000l\000u\000o\000r\000e\000s\000c\000e\000n\000c\000e\000\040\000n\000a\000n\000o\000s\000c\000o\000p\000y}{section.9}% 13
\BOOKMARK [1][-]{section.13}{\376\377\000T\000h\000e\000\040\000I\000m\000a\000g\000e\000\040\000L\000i\000k\000e\000l\000i\000h\000o\000o\000d}{chapter.8}% 14
\BOOKMARK [2][-]{subsection.17}{\376\377\000C\000r\000a\000m\000e\000r\000-\000R\000a\000o\000\040\000l\000o\000w\000e\000r\000\040\000b\000o\000u\000n\000d}{section.13}% 15
\BOOKMARK [2][-]{subsection.19}{\376\377\000M\000a\000x\000i\000m\000i\000z\000a\000t\000i\000o\000n\000\040\000o\000f\000\040\000d\000e\000n\000s\000i\000t\000y\000,\000\040\000m\000i\000n\000i\000m\000i\000z\000a\000t\000i\000o\000n\000\040\000o\000f\000\040\000e\000r\000r\000o\000r}{section.13}% 16
\BOOKMARK [0][-]{chapter.21}{\376\377\000F\000l\000u\000o\000r\000e\000s\000c\000e\000n\000c\000e\000\040\000n\000a\000n\000o\000s\000c\000o\000p\000y\000\040\000i\000n\000\040\000t\000h\000e\000\040\000s\000t\000u\000d\000y\000\040\000o\000f\000\040\000c\000h\000r\000o\000m\000a\000t\000i\000n\000\040\000o\000r\000g\000a\000n\000i\000z\000a\000t\000i\000o\000n}{}% 17
\BOOKMARK [1][-]{section.22}{\376\377\000I\000n\000t\000r\000o\000d\000u\000c\000t\000i\000o\000n}{chapter.21}% 18
\BOOKMARK [2][-]{subsection.23}{\376\377\000L\000a\000b\000e\000l\000i\000n\000g\000\040\000s\000t\000r\000a\000t\000e\000g\000i\000e\000s\000\040\000o\000f\000\040\000c\000h\000r\000o\000m\000a\000t\000i\000n}{section.22}% 19
\BOOKMARK [2][-]{subsection.24}{\376\377\000C\000h\000r\000o\000m\000a\000t\000i\000n\000-\000a\000s\000s\000o\000c\000i\000a\000t\000e\000d\000-\000p\000r\000o\000t\000e\000i\000n\000\040\000b\000a\000s\000e\000d\000\040\000l\000a\000b\000e\000l\000i\000n\000g\000\040\000s\000t\000r\000a\000t\000e\000g\000i\000e\000s}{section.22}% 20
\BOOKMARK [2][-]{subsection.25}{\376\377\000D\000N\000A\000-\000b\000a\000s\000e\000d\000\040\000l\000a\000b\000e\000l\000i\000n\000g\000\040\000s\000t\000r\000a\000t\000e\000g\000i\000e\000s}{section.22}% 21
\BOOKMARK [3][-]{section*.26}{\376\377\000N\000o\000n\000-\000s\000e\000q\000u\000e\000n\000c\000e\000\040\000s\000p\000e\000c\000i\000f\000i\000c}{subsection.25}% 22
\BOOKMARK [3][-]{section*.26}{\376\377\000S\000e\000q\000u\000e\000n\000c\000e\000\040\000s\000p\000e\000c\000i\000f\000i\000c}{subsection.25}% 23
\BOOKMARK [2][-]{subsection.27}{\376\377\000I\000n\000s\000t\000r\000u\000m\000e\000n\000t\000a\000t\000i\000o\000n\000\040\000f\000o\000r\000\040\000c\000h\000r\000o\000m\000a\000t\000i\000n\000\040\000i\000m\000a\000g\000i\000n\000g}{section.22}% 24
\BOOKMARK [2][-]{subsection.28}{\376\377\000T\000r\000a\000j\000e\000c\000t\000o\000r\000y\000\040\000l\000i\000n\000k\000i\000n\000g}{section.22}% 25
\BOOKMARK [2][-]{subsection.29}{\376\377\000Q\000u\000a\000n\000t\000i\000t\000a\000t\000i\000v\000e\000\040\000a\000n\000a\000l\000y\000s\000i\000s\000\040\000o\000f\000\040\000p\000a\000r\000t\000i\000c\000l\000e\000\040\000m\000o\000t\000i\000o\000n}{section.22}% 26
\BOOKMARK [2][-]{subsection.32}{\376\377\000P\000o\000l\000y\000m\000e\000r\000\040\000m\000o\000d\000e\000l\000s\000\040\000f\000o\000r\000\040\000c\000h\000r\000o\000m\000a\000t\000i\000n\000\040\000d\000y\000n\000a\000m\000i\000c\000s}{section.22}% 27
\BOOKMARK [2][-]{subsection.36}{\376\377\000S\000u\000p\000e\000r\000\040\000r\000e\000s\000o\000l\000u\000t\000i\000o\000n\000\040\000o\000f\000\040\000c\000h\000r\000o\000m\000a\000t\000i\000n\000\040\000n\000a\000n\000o\000d\000o\000m\000a\000i\000n\000s}{section.22}% 28
\BOOKMARK [1][-]{section.37}{\376\377\000B\000R\000D\0004\000\040\000r\000e\000g\000u\000l\000a\000t\000e\000s\000\040\000t\000h\000e\000\040\000s\000t\000r\000u\000c\000t\000u\000r\000e\000\040\000o\000f\000\040\000c\000h\000r\000o\000m\000a\000t\000i\000n\000\040\000n\000a\000n\000o\000d\000o\000m\000a\000i\000n\000s}{chapter.21}% 29
\BOOKMARK [1][-]{section.39}{\376\377\000R\000e\000s\000u\000l\000t\000s}{chapter.21}% 30
\BOOKMARK [2][-]{subsection.40}{\376\377\000C\000o\000l\000o\000c\000a\000l\000i\000z\000a\000t\000i\000o\000n\000\040\000o\000f\000\040\000B\000R\000D\0004\000\040\000m\000u\000t\000a\000n\000t\000s\000\040\000w\000i\000t\000h\000\040\000n\000u\000c\000l\000e\000o\000s\000o\000m\000e\000\040\000n\000a\000n\000o\000d\000o\000m\000a\000i\000n\000s}{section.39}% 31
\BOOKMARK [2][-]{subsection.42}{\376\377\000C\000h\000r\000o\000m\000a\000t\000i\000n\000\040\000s\000t\000r\000u\000c\000t\000u\000r\000e\000\040\000a\000n\000d\000\040\000d\000y\000n\000a\000m\000i\000c\000s}{section.39}% 32
\BOOKMARK [2][-]{subsection.46}{\376\377\000H\000e\000t\000e\000r\000o\000p\000o\000l\000y\000m\000e\000r\000\040\000m\000o\000d\000e\000l}{section.39}% 33
\BOOKMARK [1][-]{section.49}{\376\377\000D\000i\000s\000c\000u\000s\000s\000i\000o\000n}{chapter.21}% 34
\BOOKMARK [1][-]{section.50}{\376\377\000M\000a\000t\000e\000r\000i\000a\000l\000s\000\040\000a\000n\000d\000\040\000M\000e\000t\000h\000o\000d\000s}{chapter.21}% 35
\BOOKMARK [2][-]{subsection.51}{\376\377\000C\000e\000l\000l\000\040\000l\000i\000n\000e\000s\000,\000\040\000c\000e\000l\000l\000\040\000c\000u\000l\000t\000u\000r\000e\000\040\000c\000o\000n\000d\000i\000t\000i\000o\000n\000s\000,\000\040\000a\000n\000d\000\040\000t\000r\000a\000n\000s\000f\000e\000c\000t\000i\000o\000n}{section.50}% 36
\BOOKMARK [2][-]{subsection.52}{\376\377\000S\000u\000p\000e\000r\000-\000r\000e\000s\000o\000l\000u\000t\000i\000o\000n\000\040\000i\000m\000a\000g\000i\000n\000g\000\040\000o\000f\000\040\000n\000u\000c\000l\000e\000o\000s\000o\000m\000e\000\040\000n\000a\000n\000o\000d\000o\000m\000a\000i\000n\000s\000\040\000i\000n\000\040\000l\000i\000v\000i\000n\000g\000\040\000c\000e\000l\000l\000s}{section.50}% 37
\BOOKMARK [2][-]{subsection.53}{\376\377\000C\000o\000l\000o\000c\000a\000l\000i\000z\000a\000t\000i\000o\000n\000\040\000o\000f\000\040\000B\000R\000D\0004\000\040\000m\000u\000t\000a\000n\000t\000s\000\040\000w\000i\000t\000h\000\040\000n\000u\000c\000l\000e\000o\000s\000o\000m\000e\000\040\000n\000a\000n\000o\000d\000o\000m\000a\000i\000n\000s}{section.50}% 38
\BOOKMARK [2][-]{subsection.54}{\376\377\000S\000i\000n\000g\000l\000e\000\040\000m\000o\000l\000e\000c\000u\000l\000e\000\040\000t\000r\000a\000c\000k\000i\000n\000g}{section.50}% 39
\BOOKMARK [2][-]{subsection.55}{\376\377\000I\000m\000m\000u\000n\000o\000f\000l\000u\000o\000r\000e\000s\000c\000e\000n\000c\000e}{section.50}% 40
\BOOKMARK [2][-]{subsection.56}{\376\377\000I\000m\000m\000u\000n\000o\000b\000l\000o\000t\000t\000i\000n\000g}{section.50}% 41
\BOOKMARK [0][-]{chapter.57}{\376\377\000Q\000u\000a\000n\000t\000u\000m\000\040\000e\000n\000h\000a\000n\000c\000e\000d\000\040\000l\000o\000c\000a\000l\000i\000z\000a\000t\000i\000o\000n\000\040\000w\000i\000t\000h\000\040\000a\000\040\000s\000i\000n\000g\000l\000e\000\040\000p\000h\000o\000t\000o\000n\000\040\000a\000v\000a\000l\000a\000n\000c\000h\000e\000\040\000d\000i\000o\000d\000e\000\040\000a\000r\000r\000a\000y}{}% 42
\BOOKMARK [1][-]{section.58}{\376\377\000I\000n\000t\000r\000o\000d\000u\000c\000t\000i\000o\000n}{chapter.57}% 43
\BOOKMARK [2][-]{subsection.59}{\376\377\000A\000\040\000b\000r\000i\000e\000f\000\040\000i\000n\000t\000r\000o\000d\000u\000c\000t\000i\000o\000n\000\040\000t\000o\000\040\000q\000u\000a\000n\000t\000u\000m\000\040\000o\000p\000t\000i\000c\000s}{section.58}% 44
\BOOKMARK [2][-]{subsection.60}{\376\377\000P\000h\000o\000t\000o\000n\000\040\000s\000t\000a\000t\000i\000s\000t\000i\000c\000s}{section.58}% 45
\BOOKMARK [1][-]{section.63}{\376\377\000B\000a\000s\000i\000c\000\040\000S\000c\000h\000e\000m\000e}{chapter.57}% 46
\BOOKMARK [1][-]{section.73}{\376\377\000R\000e\000s\000u\000l\000t\000s}{chapter.57}% 47
\BOOKMARK [1][-]{section.80}{\376\377\000D\000i\000s\000c\000u\000s\000s\000i\000o\000n}{chapter.57}% 48
\BOOKMARK [0][-]{chapter.81}{\376\377\000B\000a\000y\000e\000s\000i\000a\000n\000\040\000f\000l\000u\000o\000r\000e\000s\000c\000e\000n\000c\000e\000\040\000n\000a\000n\000o\000s\000c\000o\000p\000y}{}% 49
\BOOKMARK [1][-]{section.82}{\376\377\000I\000n\000t\000r\000o\000d\000u\000c\000t\000i\000o\000n}{chapter.81}% 50
\BOOKMARK [2][-]{subsection.83}{\376\377\000T\000h\000e\000\040\000c\000u\000r\000s\000e\000\040\000o\000f\000\040\000d\000i\000m\000e\000n\000s\000i\000o\000n\000a\000l\000i\000t\000y}{section.82}% 51
\BOOKMARK [2][-]{subsection.84}{\376\377\000T\000h\000e\000\040\000B\000a\000y\000e\000s\000i\000a\000n\000\040\000c\000a\000l\000c\000u\000l\000a\000t\000i\000o\000n}{section.82}% 52
\BOOKMARK [2][-]{subsection.85}{\376\377\000A\000p\000p\000l\000i\000c\000a\000t\000i\000o\000n\000\040\000o\000f\000\040\000d\000e\000e\000p\000\040\000m\000o\000d\000e\000l\000s\000\040\000i\000n\000\040\000m\000i\000c\000r\000o\000s\000c\000o\000p\000y}{section.82}% 53
\BOOKMARK [1][-]{section.86}{\376\377\000R\000e\000s\000u\000l\000t\000s}{chapter.81}% 54
\BOOKMARK [2][-]{subsection.87}{\376\377\000A\000p\000p\000r\000o\000a\000c\000h}{section.86}% 55
\BOOKMARK [2][-]{subsection.88}{\376\377\000V\000a\000r\000i\000a\000t\000i\000o\000n\000a\000l\000\040\000D\000i\000f\000f\000u\000s\000i\000o\000n}{section.86}% 56
\BOOKMARK [2][-]{subsection.96}{\376\377\000E\000x\000p\000e\000r\000i\000m\000e\000n\000t\000s}{section.86}% 57
\BOOKMARK [1][-]{section.98}{\376\377\000C\000o\000n\000c\000l\000u\000s\000i\000o\000n}{chapter.81}% 58
\BOOKMARK [1][-]{section.99}{\376\377\000B\000r\000o\000a\000d\000e\000r\000\040\000I\000m\000p\000a\000c\000t}{chapter.81}% 59
\BOOKMARK [1][-]{section.100}{\376\377\000A\000p\000p\000e\000n\000d\000i\000x}{chapter.81}% 60
\BOOKMARK [2][-]{subsection.103}{\376\377\000S\000a\000m\000p\000l\000i\000n\000g}{section.100}% 61
\BOOKMARK [2][-]{subsection.105}{\376\377\000D\000e\000r\000i\000v\000a\000t\000i\000o\000n\000\040\000o\000f\000\040\000t\000h\000e\000\040\000v\000a\000r\000i\000a\000t\000i\000o\000n\000a\000l\000\040\000b\000o\000u\000n\000d}{section.100}% 62
\BOOKMARK [2][-]{subsection.107}{\376\377\000N\000e\000u\000r\000a\000l\000\040\000N\000e\000t\000w\000o\000r\000k\000s\000\040\003\310\000,\003\306}{section.100}% 63
\BOOKMARK [0][-]{chapter*.108}{\376\377\000R\000E\000F\000E\000R\000E\000N\000C\000E\000S}{}% 64
