\BOOKMARK [0][-]{chapter.1}{The Neural Code}{}% 1
\BOOKMARK [1][-]{section.1.1}{Introduction}{chapter.1}% 2
\BOOKMARK [1][-]{section.1.2}{Neuroelectronics}{chapter.1}% 3
\BOOKMARK [2][-]{subsection.1.2.1}{RC Model}{section.1.2}% 4
\BOOKMARK [2][-]{subsection.1.2.2}{Equilibrium and Reversal Potentials}{section.1.2}% 5
\BOOKMARK [2][-]{subsection.1.2.3}{Membrane Current}{section.1.2}% 6
\BOOKMARK [0][-]{chapter.2}{Gabor Theory and Image Statistics}{}% 7
\BOOKMARK [1][-]{section.2.1}{Section heading}{chapter.2}% 8
\BOOKMARK [0][-]{chapter.3}{Information and Coding Theory}{}% 9
\BOOKMARK [1][-]{section.3.1}{Introduction}{chapter.3}% 10
\BOOKMARK [1][-]{section.3.2}{Entropy}{chapter.3}% 11
\BOOKMARK [2][-]{subsection.3.2.1}{Joint and Conditional Entropy}{section.3.2}% 12
\BOOKMARK [1][-]{section.3.3}{KL-Divergence and Mutual Information}{chapter.3}% 13
\BOOKMARK [2][-]{subsection.3.3.1}{The Data-Processing Inequality}{section.3.3}% 14
\BOOKMARK [1][-]{section.3.4}{Source Coding}{chapter.3}% 15
\BOOKMARK [2][-]{subsection.3.4.1}{Kraft's Inequality}{section.3.4}% 16
\BOOKMARK [2][-]{subsection.3.4.2}{Source Coding Theorem}{section.3.4}% 17
\BOOKMARK [2][-]{subsection.3.4.3}{Fano's Inequality}{section.3.4}% 18
\BOOKMARK [2][-]{subsection.3.4.4}{Jensen's Inequality}{section.3.4}% 19
\BOOKMARK [2][-]{subsection.3.4.5}{Fano's Inequality}{section.3.4}% 20
\BOOKMARK [1][-]{section.3.5}{Error Correcting Codes}{chapter.3}% 21
\BOOKMARK [0][-]{chapter.4}{Microscopy and Image Analysis}{}% 22
\BOOKMARK [1][-]{section.4.1}{Section heading}{chapter.4}% 23
